# JRE version: Java(TM) SE Runtime Environment (8.0_101-b13) (build 1.8.0_101-b13)
# Java VM: Java HotSpot(TM) 64-Bit Server VM (25.101-b13 mixed mode windows-amd64 compressed oops)
Heap:
 PSYoungGen      total 248320K, used 187679K [0x0000000770500000, 0x0000000787a00000, 0x00000007c0000000)
  eden space 224768K, 83% used [0x0000000770500000,0x000000077bc47e98,0x000000077e080000)
  from space 23552K, 0% used [0x0000000781480000,0x0000000781480000,0x0000000782b80000)
  to   space 53248K, 0% used [0x000000077e080000,0x000000077e080000,0x0000000781480000)
 ParOldGen       total 334336K, used 122545K [0x00000006d0e00000, 0x00000006e5480000, 0x0000000770500000)
  object space 334336K, 36% used [0x00000006d0e00000,0x00000006d85ac710,0x00000006e5480000)
 Metaspace       used 58487K, capacity 61679K, committed 61912K, reserved 1101824K
  class space    used 7883K, capacity 8604K, committed 8664K, reserved 1048576K
GC Heap History (10 events):
Event: 6.912 GC heap before
{Heap before GC invocations=9 (full 2):
 PSYoungGen      total 144384K, used 9099K [0x0000000770500000, 0x000000077e100000, 0x00000007c0000000)
  eden space 132096K, 0% used [0x0000000770500000,0x0000000770500000,0x0000000778600000)
  from space 12288K, 74% used [0x0000000778600000,0x0000000778ee2dc8,0x0000000779200000)
  to   space 12288K, 0% used [0x000000077d500000,0x000000077d500000,0x000000077e100000)
 ParOldGen       total 100352K, used 10015K [0x00000006d0e00000, 0x00000006d7000000, 0x0000000770500000)
  object space 100352K, 9% used [0x00000006d0e00000,0x00000006d17c7db0,0x00000006d7000000)
 Metaspace       used 33849K, capacity 35392K, committed 35416K, reserved 1079296K
  class space    used 4373K, capacity 4674K, committed 4696K, reserved 1048576K
Event: 6.964 GC heap after
Heap after GC invocations=9 (full 2):
 PSYoungGen      total 144384K, used 0K [0x0000000770500000, 0x000000077e100000, 0x00000007c0000000)
  eden space 132096K, 0% used [0x0000000770500000,0x0000000770500000,0x0000000778600000)
  from space 12288K, 0% used [0x0000000778600000,0x0000000778600000,0x0000000779200000)
  to   space 12288K, 0% used [0x000000077d500000,0x000000077d500000,0x000000077e100000)
 ParOldGen       total 148992K, used 13728K [0x00000006d0e00000, 0x00000006d9f80000, 0x0000000770500000)
  object space 148992K, 9% used [0x00000006d0e00000,0x00000006d1b683f0,0x00000006d9f80000)
 Metaspace       used 33849K, capacity 35392K, committed 35416K, reserved 1079296K
  class space    used 4373K, capacity 4674K, committed 4696K, reserved 1048576K
}
Event: 7.995 GC heap before
{Heap before GC invocations=10 (full 2):
 PSYoungGen      total 144384K, used 132096K [0x0000000770500000, 0x000000077e100000, 0x00000007c0000000)
  eden space 132096K, 100% used [0x0000000770500000,0x0000000778600000,0x0000000778600000)
  from space 12288K, 0% used [0x0000000778600000,0x0000000778600000,0x0000000779200000)
  to   space 12288K, 0% used [0x000000077d500000,0x000000077d500000,0x000000077e100000)
 ParOldGen       total 148992K, used 13728K [0x00000006d0e00000, 0x00000006d9f80000, 0x0000000770500000)
  object space 148992K, 9% used [0x00000006d0e00000,0x00000006d1b683f0,0x00000006d9f80000)
 Metaspace       used 38428K, capacity 40222K, committed 40536K, reserved 1085440K
  class space    used 4995K, capacity 5345K, committed 5464K, reserved 1048576K
Event: 8.002 GC heap after
Heap after GC invocations=10 (full 2):
 PSYoungGen      total 202752K, used 7135K [0x0000000770500000, 0x000000077dc00000, 0x00000007c0000000)
  eden space 195584K, 0% used [0x0000000770500000,0x0000000770500000,0x000000077c400000)
  from space 7168K, 99% used [0x000000077d500000,0x000000077dbf7d38,0x000000077dc00000)
  to   space 11776K, 0% used [0x000000077c500000,0x000000077c500000,0x000000077d080000)
 ParOldGen       total 148992K, used 13736K [0x00000006d0e00000, 0x00000006d9f80000, 0x0000000770500000)
  object space 148992K, 9% used [0x00000006d0e00000,0x00000006d1b6a3f0,0x00000006d9f80000)
 Metaspace       used 38428K, capacity 40222K, committed 40536K, reserved 1085440K
  class space    used 4995K, capacity 5345K, committed 5464K, reserved 1048576K
}
Event: 10.071 GC heap before
{Heap before GC invocations=11 (full 2):
 PSYoungGen      total 202752K, used 202719K [0x0000000770500000, 0x000000077dc00000, 0x00000007c0000000)
  eden space 195584K, 100% used [0x0000000770500000,0x000000077c400000,0x000000077c400000)
  from space 7168K, 99% used [0x000000077d500000,0x000000077dbf7d38,0x000000077dc00000)
  to   space 11776K, 0% used [0x000000077c500000,0x000000077c500000,0x000000077d080000)
 ParOldGen       total 148992K, used 13736K [0x00000006d0e00000, 0x00000006d9f80000, 0x0000000770500000)
  object space 148992K, 9% used [0x00000006d0e00000,0x00000006d1b6a3f0,0x00000006d9f80000)
 Metaspace       used 53921K, capacity 56450K, committed 56792K, reserved 1097728K
  class space    used 7180K, capacity 7787K, committed 7896K, reserved 1048576K
Event: 10.099 GC heap after
Heap after GC invocations=11 (full 2):
 PSYoungGen      total 208384K, used 11771K [0x0000000770500000, 0x0000000782b80000, 0x00000007c0000000)
  eden space 196608K, 0% used [0x0000000770500000,0x0000000770500000,0x000000077c500000)
  from space 11776K, 99% used [0x000000077c500000,0x000000077d07ec18,0x000000077d080000)
  to   space 23552K, 0% used [0x0000000781480000,0x0000000781480000,0x0000000782b80000)
 ParOldGen       total 148992K, used 39578K [0x00000006d0e00000, 0x00000006d9f80000, 0x0000000770500000)
  object space 148992K, 26% used [0x00000006d0e00000,0x00000006d34a6958,0x00000006d9f80000)
 Metaspace       used 53921K, capacity 56450K, committed 56792K, reserved 1097728K
  class space    used 7180K, capacity 7787K, committed 7896K, reserved 1048576K
}
Event: 10.678 GC heap before
{Heap before GC invocations=12 (full 2):
 PSYoungGen      total 208384K, used 163746K [0x0000000770500000, 0x0000000782b80000, 0x00000007c0000000)
  eden space 196608K, 77% used [0x0000000770500000,0x0000000779969c78,0x000000077c500000)
  from space 11776K, 99% used [0x000000077c500000,0x000000077d07ec18,0x000000077d080000)
  to   space 23552K, 0% used [0x0000000781480000,0x0000000781480000,0x0000000782b80000)
 ParOldGen       total 148992K, used 39578K [0x00000006d0e00000, 0x00000006d9f80000, 0x0000000770500000)
  object space 148992K, 26% used [0x00000006d0e00000,0x00000006d34a6958,0x00000006d9f80000)
 Metaspace       used 56025K, capacity 59017K, committed 59028K, reserved 1099776K
  class space    used 7489K, capacity 8152K, committed 8152K, reserved 1048576K
Event: 10.711 GC heap after
Heap after GC invocations=12 (full 2):
 PSYoungGen      total 248320K, used 23520K [0x0000000770500000, 0x0000000787a00000, 0x00000007c0000000)
  eden space 224768K, 0% used [0x0000000770500000,0x0000000770500000,0x000000077e080000)
  from space 23552K, 99% used [0x0000000781480000,0x0000000782b78050,0x0000000782b80000)
  to   space 53248K, 0% used [0x000000077e080000,0x000000077e080000,0x0000000781480000)
 ParOldGen       total 148992K, used 110119K [0x00000006d0e00000, 0x00000006d9f80000, 0x0000000770500000)
  object space 148992K, 73% used [0x00000006d0e00000,0x00000006d7989ee8,0x00000006d9f80000)
 Metaspace       used 56025K, capacity 59017K, committed 59028K, reserved 1099776K
  class space    used 7489K, capacity 8152K, committed 8152K, reserved 1048576K
}
Event: 10.711 GC heap before
{Heap before GC invocations=13 (full 3):
 PSYoungGen      total 248320K, used 23520K [0x0000000770500000, 0x0000000787a00000, 0x00000007c0000000)
  eden space 224768K, 0% used [0x0000000770500000,0x0000000770500000,0x000000077e080000)
  from space 23552K, 99% used [0x0000000781480000,0x0000000782b78050,0x0000000782b80000)
  to   space 53248K, 0% used [0x000000077e080000,0x000000077e080000,0x0000000781480000)
 ParOldGen       total 148992K, used 110119K [0x00000006d0e00000, 0x00000006d9f80000, 0x0000000770500000)
  object space 148992K, 73% used [0x00000006d0e00000,0x00000006d7989ee8,0x00000006d9f80000)
 Metaspace       used 56025K, capacity 59017K, committed 59028K, reserved 1099776K
  class space    used 7489K, capacity 8152K, committed 8152K, reserved 1048576K
Event: 10.893 GC heap after
Heap after GC invocations=13 (full 3):
 PSYoungGen      total 248320K, used 0K [0x0000000770500000, 0x0000000787a00000, 0x00000007c0000000)
  eden space 224768K, 0% used [0x0000000770500000,0x0000000770500000,0x000000077e080000)
  from space 23552K, 0% used [0x0000000781480000,0x0000000781480000,0x0000000782b80000)
  to   space 53248K, 0% used [0x000000077e080000,0x000000077e080000,0x0000000781480000)
 ParOldGen       total 334336K, used 122545K [0x00000006d0e00000, 0x00000006e5480000, 0x0000000770500000)
  object space 334336K, 36% used [0x00000006d0e00000,0x00000006d85ac710,0x00000006e5480000)
 Metaspace       used 56025K, capacity 59017K, committed 59028K, reserved 1099776K
  class space    used 7489K, capacity 8152K, committed 8152K, reserved 1048576K
}

