# JRE version: Java(TM) SE Runtime Environment (8.0_101-b13) (build 1.8.0_101-b13)
# Java VM: Java HotSpot(TM) 64-Bit Server VM (25.101-b13 mixed mode windows-amd64 compressed oops)
Heap:
 PSYoungGen      total 71680K, used 19820K [0x0000000770500000, 0x0000000776f00000, 0x00000007c0000000)
  eden space 61440K, 23% used [0x0000000770500000,0x000000077134a6a0,0x0000000774100000)
  from space 10240K, 50% used [0x0000000774b00000,0x0000000775010d10,0x0000000775500000)
  to   space 10240K, 0% used [0x0000000774100000,0x0000000774100000,0x0000000774b00000)
 ParOldGen       total 104448K, used 9813K [0x00000006d0e00000, 0x00000006d7400000, 0x0000000770500000)
  object space 104448K, 9% used [0x00000006d0e00000,0x00000006d1795560,0x00000006d7400000)
 Metaspace       used 25977K, capacity 26862K, committed 26880K, reserved 1073152K
  class space    used 3356K, capacity 3573K, committed 3584K, reserved 1048576K
GC Heap History (10 events):
Event: 1.003 GC heap before
{Heap before GC invocations=1 (full 0):
 PSYoungGen      total 71680K, used 61440K [0x0000000770500000, 0x0000000775500000, 0x00000007c0000000)
  eden space 61440K, 100% used [0x0000000770500000,0x0000000774100000,0x0000000774100000)
  from space 10240K, 0% used [0x0000000774b00000,0x0000000774b00000,0x0000000775500000)
  to   space 10240K, 0% used [0x0000000774100000,0x0000000774100000,0x0000000774b00000)
 ParOldGen       total 163840K, used 0K [0x00000006d0e00000, 0x00000006dae00000, 0x0000000770500000)
  object space 163840K, 0% used [0x00000006d0e00000,0x00000006d0e00000,0x00000006dae00000)
 Metaspace       used 8949K, capacity 9178K, committed 9344K, reserved 1056768K
  class space    used 1058K, capacity 1137K, committed 1152K, reserved 1048576K
Event: 1.010 GC heap after
Heap after GC invocations=1 (full 0):
 PSYoungGen      total 71680K, used 5468K [0x0000000770500000, 0x0000000775500000, 0x00000007c0000000)
  eden space 61440K, 0% used [0x0000000770500000,0x0000000770500000,0x0000000774100000)
  from space 10240K, 53% used [0x0000000774100000,0x00000007746572d0,0x0000000774b00000)
  to   space 10240K, 0% used [0x0000000774b00000,0x0000000774b00000,0x0000000775500000)
 ParOldGen       total 163840K, used 16K [0x00000006d0e00000, 0x00000006dae00000, 0x0000000770500000)
  object space 163840K, 0% used [0x00000006d0e00000,0x00000006d0e04000,0x00000006dae00000)
 Metaspace       used 8949K, capacity 9178K, committed 9344K, reserved 1056768K
  class space    used 1058K, capacity 1137K, committed 1152K, reserved 1048576K
}
Event: 1.853 GC heap before
{Heap before GC invocations=2 (full 0):
 PSYoungGen      total 71680K, used 66908K [0x0000000770500000, 0x0000000775500000, 0x00000007c0000000)
  eden space 61440K, 100% used [0x0000000770500000,0x0000000774100000,0x0000000774100000)
  from space 10240K, 53% used [0x0000000774100000,0x00000007746572d0,0x0000000774b00000)
  to   space 10240K, 0% used [0x0000000774b00000,0x0000000774b00000,0x0000000775500000)
 ParOldGen       total 163840K, used 16K [0x00000006d0e00000, 0x00000006dae00000, 0x0000000770500000)
  object space 163840K, 0% used [0x00000006d0e00000,0x00000006d0e04000,0x00000006dae00000)
 Metaspace       used 14892K, capacity 15370K, committed 15616K, reserved 1062912K
  class space    used 1819K, capacity 1959K, committed 2048K, reserved 1048576K
Event: 1.861 GC heap after
Heap after GC invocations=2 (full 0):
 PSYoungGen      total 71680K, used 7211K [0x0000000770500000, 0x0000000775500000, 0x00000007c0000000)
  eden space 61440K, 0% used [0x0000000770500000,0x0000000770500000,0x0000000774100000)
  from space 10240K, 70% used [0x0000000774b00000,0x000000077520ac38,0x0000000775500000)
  to   space 10240K, 0% used [0x0000000774100000,0x0000000774100000,0x0000000774b00000)
 ParOldGen       total 163840K, used 24K [0x00000006d0e00000, 0x00000006dae00000, 0x0000000770500000)
  object space 163840K, 0% used [0x00000006d0e00000,0x00000006d0e06000,0x00000006dae00000)
 Metaspace       used 14892K, capacity 15370K, committed 15616K, reserved 1062912K
  class space    used 1819K, capacity 1959K, committed 2048K, reserved 1048576K
}
Event: 2.329 GC heap before
{Heap before GC invocations=3 (full 0):
 PSYoungGen      total 71680K, used 65165K [0x0000000770500000, 0x0000000775500000, 0x00000007c0000000)
  eden space 61440K, 94% used [0x0000000770500000,0x0000000773d98b30,0x0000000774100000)
  from space 10240K, 70% used [0x0000000774b00000,0x000000077520ac38,0x0000000775500000)
  to   space 10240K, 0% used [0x0000000774100000,0x0000000774100000,0x0000000774b00000)
 ParOldGen       total 163840K, used 24K [0x00000006d0e00000, 0x00000006dae00000, 0x0000000770500000)
  object space 163840K, 0% used [0x00000006d0e00000,0x00000006d0e06000,0x00000006dae00000)
 Metaspace       used 20595K, capacity 21088K, committed 21248K, reserved 1067008K
  class space    used 2587K, capacity 2714K, committed 2816K, reserved 1048576K
Event: 2.336 GC heap after
Heap after GC invocations=3 (full 0):
 PSYoungGen      total 71680K, used 10215K [0x0000000770500000, 0x0000000775500000, 0x00000007c0000000)
  eden space 61440K, 0% used [0x0000000770500000,0x0000000770500000,0x0000000774100000)
  from space 10240K, 99% used [0x0000000774100000,0x0000000774af9c40,0x0000000774b00000)
  to   space 10240K, 0% used [0x0000000774b00000,0x0000000774b00000,0x0000000775500000)
 ParOldGen       total 163840K, used 57K [0x00000006d0e00000, 0x00000006dae00000, 0x0000000770500000)
  object space 163840K, 0% used [0x00000006d0e00000,0x00000006d0e0e418,0x00000006dae00000)
 Metaspace       used 20595K, capacity 21088K, committed 21248K, reserved 1067008K
  class space    used 2587K, capacity 2714K, committed 2816K, reserved 1048576K
}
Event: 2.336 GC heap before
{Heap before GC invocations=4 (full 1):
 PSYoungGen      total 71680K, used 10215K [0x0000000770500000, 0x0000000775500000, 0x00000007c0000000)
  eden space 61440K, 0% used [0x0000000770500000,0x0000000770500000,0x0000000774100000)
  from space 10240K, 99% used [0x0000000774100000,0x0000000774af9c40,0x0000000774b00000)
  to   space 10240K, 0% used [0x0000000774b00000,0x0000000774b00000,0x0000000775500000)
 ParOldGen       total 163840K, used 57K [0x00000006d0e00000, 0x00000006dae00000, 0x0000000770500000)
  object space 163840K, 0% used [0x00000006d0e00000,0x00000006d0e0e418,0x00000006dae00000)
 Metaspace       used 20595K, capacity 21088K, committed 21248K, reserved 1067008K
  class space    used 2587K, capacity 2714K, committed 2816K, reserved 1048576K
Event: 2.364 GC heap after
Heap after GC invocations=4 (full 1):
 PSYoungGen      total 71680K, used 0K [0x0000000770500000, 0x0000000775500000, 0x00000007c0000000)
  eden space 61440K, 0% used [0x0000000770500000,0x0000000770500000,0x0000000774100000)
  from space 10240K, 0% used [0x0000000774100000,0x0000000774100000,0x0000000774b00000)
  to   space 10240K, 0% used [0x0000000774b00000,0x0000000774b00000,0x0000000775500000)
 ParOldGen       total 104448K, used 9741K [0x00000006d0e00000, 0x00000006d7400000, 0x0000000770500000)
  object space 104448K, 9% used [0x00000006d0e00000,0x00000006d1783550,0x00000006d7400000)
 Metaspace       used 20595K, capacity 21088K, committed 21248K, reserved 1067008K
  class space    used 2587K, capacity 2714K, committed 2816K, reserved 1048576K
}
Event: 3.687 GC heap before
{Heap before GC invocations=5 (full 1):
 PSYoungGen      total 71680K, used 61440K [0x0000000770500000, 0x0000000775500000, 0x00000007c0000000)
  eden space 61440K, 100% used [0x0000000770500000,0x0000000774100000,0x0000000774100000)
  from space 10240K, 0% used [0x0000000774100000,0x0000000774100000,0x0000000774b00000)
  to   space 10240K, 0% used [0x0000000774b00000,0x0000000774b00000,0x0000000775500000)
 ParOldGen       total 104448K, used 9741K [0x00000006d0e00000, 0x00000006d7400000, 0x0000000770500000)
  object space 104448K, 9% used [0x00000006d0e00000,0x00000006d1783550,0x00000006d7400000)
 Metaspace       used 25696K, capacity 26524K, committed 26624K, reserved 1073152K
  class space    used 3319K, capacity 3530K, committed 3584K, reserved 1048576K
Event: 3.693 GC heap after
Heap after GC invocations=5 (full 1):
 PSYoungGen      total 71680K, used 5187K [0x0000000770500000, 0x0000000776f00000, 0x00000007c0000000)
  eden space 61440K, 0% used [0x0000000770500000,0x0000000770500000,0x0000000774100000)
  from space 10240K, 50% used [0x0000000774b00000,0x0000000775010d10,0x0000000775500000)
  to   space 10240K, 0% used [0x0000000774100000,0x0000000774100000,0x0000000774b00000)
 ParOldGen       total 104448K, used 9813K [0x00000006d0e00000, 0x00000006d7400000, 0x0000000770500000)
  object space 104448K, 9% used [0x00000006d0e00000,0x00000006d1795560,0x00000006d7400000)
 Metaspace       used 25696K, capacity 26524K, committed 26624K, reserved 1073152K
  class space    used 3319K, capacity 3530K, committed 3584K, reserved 1048576K
}

