# JRE version: Java(TM) SE Runtime Environment (8.0_101-b13) (build 1.8.0_101-b13)
# Java VM: Java HotSpot(TM) 64-Bit Server VM (25.101-b13 mixed mode windows-amd64 compressed oops)
Heap:
 PSYoungGen      total 215040K, used 77941K [0x0000000770500000, 0x0000000782e00000, 0x00000007c0000000)
  eden space 203264K, 32% used [0x0000000770500000,0x00000007745a1d28,0x000000077cb80000)
  from space 11776K, 99% used [0x000000077cb80000,0x000000077d6fb880,0x000000077d700000)
  to   space 23040K, 0% used [0x0000000781780000,0x0000000781780000,0x0000000782e00000)
 ParOldGen       total 130560K, used 39372K [0x00000006d0e00000, 0x00000006d8d80000, 0x0000000770500000)
  object space 130560K, 30% used [0x00000006d0e00000,0x00000006d34732f8,0x00000006d8d80000)
 Metaspace       used 55428K, capacity 58128K, committed 58240K, reserved 1099776K
  class space    used 7316K, capacity 7958K, committed 8064K, reserved 1048576K
GC Heap History (10 events):
Event: 7.421 GC heap before
{Heap before GC invocations=9 (full 1):
 PSYoungGen      total 105472K, used 105455K [0x0000000770500000, 0x000000077ac00000, 0x00000007c0000000)
  eden space 95744K, 100% used [0x0000000770500000,0x0000000776280000,0x0000000776280000)
  from space 9728K, 99% used [0x0000000776280000,0x0000000776bfbcc8,0x0000000776c00000)
  to   space 11264K, 0% used [0x000000077a100000,0x000000077a100000,0x000000077ac00000)
 ParOldGen       total 88576K, used 6180K [0x00000006d0e00000, 0x00000006d6480000, 0x0000000770500000)
  object space 88576K, 6% used [0x00000006d0e00000,0x00000006d14093d8,0x00000006d6480000)
 Metaspace       used 33230K, capacity 34462K, committed 34816K, reserved 1079296K
  class space    used 4249K, capacity 4495K, committed 4608K, reserved 1048576K
Event: 7.430 GC heap after
Heap after GC invocations=9 (full 1):
 PSYoungGen      total 158720K, used 9843K [0x0000000770500000, 0x000000077ae80000, 0x00000007c0000000)
  eden space 147456K, 0% used [0x0000000770500000,0x0000000770500000,0x0000000779500000)
  from space 11264K, 87% used [0x000000077a100000,0x000000077aa9cce8,0x000000077ac00000)
  to   space 12288K, 0% used [0x0000000779500000,0x0000000779500000,0x000000077a100000)
 ParOldGen       total 88576K, used 6188K [0x00000006d0e00000, 0x00000006d6480000, 0x0000000770500000)
  object space 88576K, 6% used [0x00000006d0e00000,0x00000006d140b3d8,0x00000006d6480000)
 Metaspace       used 33230K, capacity 34462K, committed 34816K, reserved 1079296K
  class space    used 4249K, capacity 4495K, committed 4608K, reserved 1048576K
}
Event: 7.695 GC heap before
{Heap before GC invocations=10 (full 1):
 PSYoungGen      total 158720K, used 43967K [0x0000000770500000, 0x000000077ae80000, 0x00000007c0000000)
  eden space 147456K, 23% used [0x0000000770500000,0x0000000772653010,0x0000000779500000)
  from space 11264K, 87% used [0x000000077a100000,0x000000077aa9cce8,0x000000077ac00000)
  to   space 12288K, 0% used [0x0000000779500000,0x0000000779500000,0x000000077a100000)
 ParOldGen       total 88576K, used 6188K [0x00000006d0e00000, 0x00000006d6480000, 0x0000000770500000)
  object space 88576K, 6% used [0x00000006d0e00000,0x00000006d140b3d8,0x00000006d6480000)
 Metaspace       used 34028K, capacity 35308K, committed 35416K, reserved 1081344K
  class space    used 4328K, capacity 4572K, committed 4608K, reserved 1048576K
Event: 7.706 GC heap after
Heap after GC invocations=10 (full 1):
 PSYoungGen      total 159744K, used 5128K [0x0000000770500000, 0x000000077e680000, 0x00000007c0000000)
  eden space 147456K, 0% used [0x0000000770500000,0x0000000770500000,0x0000000779500000)
  from space 12288K, 41% used [0x0000000779500000,0x0000000779a02028,0x000000077a100000)
  to   space 11776K, 0% used [0x000000077db00000,0x000000077db00000,0x000000077e680000)
 ParOldGen       total 88576K, used 9381K [0x00000006d0e00000, 0x00000006d6480000, 0x0000000770500000)
  object space 88576K, 10% used [0x00000006d0e00000,0x00000006d1729438,0x00000006d6480000)
 Metaspace       used 34028K, capacity 35308K, committed 35416K, reserved 1081344K
  class space    used 4328K, capacity 4572K, committed 4608K, reserved 1048576K
}
Event: 7.706 GC heap before
{Heap before GC invocations=11 (full 2):
 PSYoungGen      total 159744K, used 5128K [0x0000000770500000, 0x000000077e680000, 0x00000007c0000000)
  eden space 147456K, 0% used [0x0000000770500000,0x0000000770500000,0x0000000779500000)
  from space 12288K, 41% used [0x0000000779500000,0x0000000779a02028,0x000000077a100000)
  to   space 11776K, 0% used [0x000000077db00000,0x000000077db00000,0x000000077e680000)
 ParOldGen       total 88576K, used 9381K [0x00000006d0e00000, 0x00000006d6480000, 0x0000000770500000)
  object space 88576K, 10% used [0x00000006d0e00000,0x00000006d1729438,0x00000006d6480000)
 Metaspace       used 34028K, capacity 35308K, committed 35416K, reserved 1081344K
  class space    used 4328K, capacity 4572K, committed 4608K, reserved 1048576K
Event: 7.780 GC heap after
Heap after GC invocations=11 (full 2):
 PSYoungGen      total 159744K, used 0K [0x0000000770500000, 0x000000077e680000, 0x00000007c0000000)
  eden space 147456K, 0% used [0x0000000770500000,0x0000000770500000,0x0000000779500000)
  from space 12288K, 0% used [0x0000000779500000,0x0000000779500000,0x000000077a100000)
  to   space 11776K, 0% used [0x000000077db00000,0x000000077db00000,0x000000077e680000)
 ParOldGen       total 130560K, used 12590K [0x00000006d0e00000, 0x00000006d8d80000, 0x0000000770500000)
  object space 130560K, 9% used [0x00000006d0e00000,0x00000006d1a4b9e8,0x00000006d8d80000)
 Metaspace       used 34028K, capacity 35308K, committed 35416K, reserved 1081344K
  class space    used 4328K, capacity 4572K, committed 4608K, reserved 1048576K
}
Event: 9.021 GC heap before
{Heap before GC invocations=12 (full 2):
 PSYoungGen      total 159744K, used 147456K [0x0000000770500000, 0x000000077e680000, 0x00000007c0000000)
  eden space 147456K, 100% used [0x0000000770500000,0x0000000779500000,0x0000000779500000)
  from space 12288K, 0% used [0x0000000779500000,0x0000000779500000,0x000000077a100000)
  to   space 11776K, 0% used [0x000000077db00000,0x000000077db00000,0x000000077e680000)
 ParOldGen       total 130560K, used 12590K [0x00000006d0e00000, 0x00000006d8d80000, 0x0000000770500000)
  object space 130560K, 9% used [0x00000006d0e00000,0x00000006d1a4b9e8,0x00000006d8d80000)
 Metaspace       used 38515K, capacity 40342K, committed 40704K, reserved 1085440K
  class space    used 4953K, capacity 5295K, committed 5376K, reserved 1048576K
Event: 9.028 GC heap after
Heap after GC invocations=12 (full 2):
 PSYoungGen      total 203776K, used 7454K [0x0000000770500000, 0x000000077e280000, 0x00000007c0000000)
  eden space 196096K, 0% used [0x0000000770500000,0x0000000770500000,0x000000077c480000)
  from space 7680K, 97% used [0x000000077db00000,0x000000077e247948,0x000000077e280000)
  to   space 11776K, 0% used [0x000000077cb80000,0x000000077cb80000,0x000000077d700000)
 ParOldGen       total 130560K, used 12598K [0x00000006d0e00000, 0x00000006d8d80000, 0x0000000770500000)
  object space 130560K, 9% used [0x00000006d0e00000,0x00000006d1a4d9e8,0x00000006d8d80000)
 Metaspace       used 38515K, capacity 40342K, committed 40704K, reserved 1085440K
  class space    used 4953K, capacity 5295K, committed 5376K, reserved 1048576K
}
Event: 11.326 GC heap before
{Heap before GC invocations=13 (full 2):
 PSYoungGen      total 203776K, used 203550K [0x0000000770500000, 0x000000077e280000, 0x00000007c0000000)
  eden space 196096K, 100% used [0x0000000770500000,0x000000077c480000,0x000000077c480000)
  from space 7680K, 97% used [0x000000077db00000,0x000000077e247948,0x000000077e280000)
  to   space 11776K, 0% used [0x000000077cb80000,0x000000077cb80000,0x000000077d700000)
 ParOldGen       total 130560K, used 12598K [0x00000006d0e00000, 0x00000006d8d80000, 0x0000000770500000)
  object space 130560K, 9% used [0x00000006d0e00000,0x00000006d1a4d9e8,0x00000006d8d80000)
 Metaspace       used 54730K, capacity 57258K, committed 57600K, reserved 1099776K
  class space    used 7201K, capacity 7819K, committed 7936K, reserved 1048576K
Event: 11.347 GC heap after
Heap after GC invocations=13 (full 2):
 PSYoungGen      total 215040K, used 11758K [0x0000000770500000, 0x0000000782e00000, 0x00000007c0000000)
  eden space 203264K, 0% used [0x0000000770500000,0x0000000770500000,0x000000077cb80000)
  from space 11776K, 99% used [0x000000077cb80000,0x000000077d6fb880,0x000000077d700000)
  to   space 23040K, 0% used [0x0000000781780000,0x0000000781780000,0x0000000782e00000)
 ParOldGen       total 130560K, used 39372K [0x00000006d0e00000, 0x00000006d8d80000, 0x0000000770500000)
  object space 130560K, 30% used [0x00000006d0e00000,0x00000006d34732f8,0x00000006d8d80000)
 Metaspace       used 54730K, capacity 57258K, committed 57600K, reserved 1099776K
  class space    used 7201K, capacity 7819K, committed 7936K, reserved 1048576K
}

