# JRE version: Java(TM) SE Runtime Environment (8.0_101-b13) (build 1.8.0_101-b13)
# Java VM: Java HotSpot(TM) 64-Bit Server VM (25.101-b13 mixed mode windows-amd64 compressed oops)
Heap:
 PSYoungGen      total 220672K, used 65689K [0x0000000770500000, 0x0000000783300000, 0x00000007c0000000)
  eden space 208896K, 25% used [0x0000000770500000,0x00000007739a94e8,0x000000077d100000)
  from space 11776K, 99% used [0x000000077d100000,0x000000077dc7d040,0x000000077dc80000)
  to   space 23040K, 0% used [0x0000000781c80000,0x0000000781c80000,0x0000000783300000)
 ParOldGen       total 130560K, used 39337K [0x00000006d0e00000, 0x00000006d8d80000, 0x0000000770500000)
  object space 130560K, 30% used [0x00000006d0e00000,0x00000006d346a590,0x00000006d8d80000)
 Metaspace       used 55321K, capacity 57986K, committed 58240K, reserved 1099776K
  class space    used 7302K, capacity 7943K, committed 8064K, reserved 1048576K
GC Heap History (10 events):
Event: 7.177 GC heap before
{Heap before GC invocations=9 (full 1):
 PSYoungGen      total 105984K, used 105959K [0x0000000770500000, 0x000000077af00000, 0x00000007c0000000)
  eden space 96256K, 100% used [0x0000000770500000,0x0000000776300000,0x0000000776300000)
  from space 9728K, 99% used [0x0000000776300000,0x0000000776c79f48,0x0000000776c80000)
  to   space 11264K, 0% used [0x000000077a400000,0x000000077a400000,0x000000077af00000)
 ParOldGen       total 88064K, used 6307K [0x00000006d0e00000, 0x00000006d6400000, 0x0000000770500000)
  object space 88064K, 7% used [0x00000006d0e00000,0x00000006d1428d38,0x00000006d6400000)
 Metaspace       used 33225K, capacity 34466K, committed 34816K, reserved 1079296K
  class space    used 4253K, capacity 4495K, committed 4608K, reserved 1048576K
Event: 7.186 GC heap after
Heap after GC invocations=9 (full 1):
 PSYoungGen      total 161792K, used 9873K [0x0000000770500000, 0x000000077b180000, 0x00000007c0000000)
  eden space 150528K, 0% used [0x0000000770500000,0x0000000770500000,0x0000000779800000)
  from space 11264K, 87% used [0x000000077a400000,0x000000077ada4578,0x000000077af00000)
  to   space 12288K, 0% used [0x0000000779800000,0x0000000779800000,0x000000077a400000)
 ParOldGen       total 88064K, used 6315K [0x00000006d0e00000, 0x00000006d6400000, 0x0000000770500000)
  object space 88064K, 7% used [0x00000006d0e00000,0x00000006d142ad38,0x00000006d6400000)
 Metaspace       used 33225K, capacity 34466K, committed 34816K, reserved 1079296K
  class space    used 4253K, capacity 4495K, committed 4608K, reserved 1048576K
}
Event: 7.418 GC heap before
{Heap before GC invocations=10 (full 1):
 PSYoungGen      total 161792K, used 44684K [0x0000000770500000, 0x000000077b180000, 0x00000007c0000000)
  eden space 150528K, 23% used [0x0000000770500000,0x00000007726fec48,0x0000000779800000)
  from space 11264K, 87% used [0x000000077a400000,0x000000077ada4578,0x000000077af00000)
  to   space 12288K, 0% used [0x0000000779800000,0x0000000779800000,0x000000077a400000)
 ParOldGen       total 88064K, used 6315K [0x00000006d0e00000, 0x00000006d6400000, 0x0000000770500000)
  object space 88064K, 7% used [0x00000006d0e00000,0x00000006d142ad38,0x00000006d6400000)
 Metaspace       used 34026K, capacity 35312K, committed 35416K, reserved 1081344K
  class space    used 4323K, capacity 4572K, committed 4608K, reserved 1048576K
Event: 7.427 GC heap after
Heap after GC invocations=10 (full 1):
 PSYoungGen      total 162816K, used 5236K [0x0000000770500000, 0x000000077eb80000, 0x00000007c0000000)
  eden space 150528K, 0% used [0x0000000770500000,0x0000000770500000,0x0000000779800000)
  from space 12288K, 42% used [0x0000000779800000,0x0000000779d1d220,0x000000077a400000)
  to   space 11776K, 0% used [0x000000077e000000,0x000000077e000000,0x000000077eb80000)
 ParOldGen       total 88064K, used 9508K [0x00000006d0e00000, 0x00000006d6400000, 0x0000000770500000)
  object space 88064K, 10% used [0x00000006d0e00000,0x00000006d1749100,0x00000006d6400000)
 Metaspace       used 34026K, capacity 35312K, committed 35416K, reserved 1081344K
  class space    used 4323K, capacity 4572K, committed 4608K, reserved 1048576K
}
Event: 7.427 GC heap before
{Heap before GC invocations=11 (full 2):
 PSYoungGen      total 162816K, used 5236K [0x0000000770500000, 0x000000077eb80000, 0x00000007c0000000)
  eden space 150528K, 0% used [0x0000000770500000,0x0000000770500000,0x0000000779800000)
  from space 12288K, 42% used [0x0000000779800000,0x0000000779d1d220,0x000000077a400000)
  to   space 11776K, 0% used [0x000000077e000000,0x000000077e000000,0x000000077eb80000)
 ParOldGen       total 88064K, used 9508K [0x00000006d0e00000, 0x00000006d6400000, 0x0000000770500000)
  object space 88064K, 10% used [0x00000006d0e00000,0x00000006d1749100,0x00000006d6400000)
 Metaspace       used 34026K, capacity 35312K, committed 35416K, reserved 1081344K
  class space    used 4323K, capacity 4572K, committed 4608K, reserved 1048576K
Event: 7.504 GC heap after
Heap after GC invocations=11 (full 2):
 PSYoungGen      total 162816K, used 0K [0x0000000770500000, 0x000000077eb80000, 0x00000007c0000000)
  eden space 150528K, 0% used [0x0000000770500000,0x0000000770500000,0x0000000779800000)
  from space 12288K, 0% used [0x0000000779800000,0x0000000779800000,0x000000077a400000)
  to   space 11776K, 0% used [0x000000077e000000,0x000000077e000000,0x000000077eb80000)
 ParOldGen       total 130560K, used 12665K [0x00000006d0e00000, 0x00000006d8d80000, 0x0000000770500000)
  object space 130560K, 9% used [0x00000006d0e00000,0x00000006d1a5e550,0x00000006d8d80000)
 Metaspace       used 34026K, capacity 35312K, committed 35416K, reserved 1081344K
  class space    used 4323K, capacity 4572K, committed 4608K, reserved 1048576K
}
Event: 8.696 GC heap before
{Heap before GC invocations=12 (full 2):
 PSYoungGen      total 162816K, used 150528K [0x0000000770500000, 0x000000077eb80000, 0x00000007c0000000)
  eden space 150528K, 100% used [0x0000000770500000,0x0000000779800000,0x0000000779800000)
  from space 12288K, 0% used [0x0000000779800000,0x0000000779800000,0x000000077a400000)
  to   space 11776K, 0% used [0x000000077e000000,0x000000077e000000,0x000000077eb80000)
 ParOldGen       total 130560K, used 12665K [0x00000006d0e00000, 0x00000006d8d80000, 0x0000000770500000)
  object space 130560K, 9% used [0x00000006d0e00000,0x00000006d1a5e550,0x00000006d8d80000)
 Metaspace       used 38854K, capacity 40686K, committed 40960K, reserved 1085440K
  class space    used 4993K, capacity 5367K, committed 5376K, reserved 1048576K
Event: 8.703 GC heap after
Heap after GC invocations=12 (full 2):
 PSYoungGen      total 207872K, used 7711K [0x0000000770500000, 0x000000077e800000, 0x00000007c0000000)
  eden space 199680K, 0% used [0x0000000770500000,0x0000000770500000,0x000000077c800000)
  from space 8192K, 94% used [0x000000077e000000,0x000000077e787e80,0x000000077e800000)
  to   space 11776K, 0% used [0x000000077d100000,0x000000077d100000,0x000000077dc80000)
 ParOldGen       total 130560K, used 12673K [0x00000006d0e00000, 0x00000006d8d80000, 0x0000000770500000)
  object space 130560K, 9% used [0x00000006d0e00000,0x00000006d1a60550,0x00000006d8d80000)
 Metaspace       used 38854K, capacity 40686K, committed 40960K, reserved 1085440K
  class space    used 4993K, capacity 5367K, committed 5376K, reserved 1048576K
}
Event: 10.984 GC heap before
{Heap before GC invocations=13 (full 2):
 PSYoungGen      total 207872K, used 207391K [0x0000000770500000, 0x000000077e800000, 0x00000007c0000000)
  eden space 199680K, 100% used [0x0000000770500000,0x000000077c800000,0x000000077c800000)
  from space 8192K, 94% used [0x000000077e000000,0x000000077e787e80,0x000000077e800000)
  to   space 11776K, 0% used [0x000000077d100000,0x000000077d100000,0x000000077dc80000)
 ParOldGen       total 130560K, used 12673K [0x00000006d0e00000, 0x00000006d8d80000, 0x0000000770500000)
  object space 130560K, 9% used [0x00000006d0e00000,0x00000006d1a60550,0x00000006d8d80000)
 Metaspace       used 54719K, capacity 57262K, committed 57600K, reserved 1099776K
  class space    used 7203K, capacity 7819K, committed 7936K, reserved 1048576K
Event: 11.010 GC heap after
Heap after GC invocations=13 (full 2):
 PSYoungGen      total 220672K, used 11764K [0x0000000770500000, 0x0000000783300000, 0x00000007c0000000)
  eden space 208896K, 0% used [0x0000000770500000,0x0000000770500000,0x000000077d100000)
  from space 11776K, 99% used [0x000000077d100000,0x000000077dc7d040,0x000000077dc80000)
  to   space 23040K, 0% used [0x0000000781c80000,0x0000000781c80000,0x0000000783300000)
 ParOldGen       total 130560K, used 39337K [0x00000006d0e00000, 0x00000006d8d80000, 0x0000000770500000)
  object space 130560K, 30% used [0x00000006d0e00000,0x00000006d346a590,0x00000006d8d80000)
 Metaspace       used 54719K, capacity 57262K, committed 57600K, reserved 1099776K
  class space    used 7203K, capacity 7819K, committed 7936K, reserved 1048576K
}

